{"synthetic": false,
 "schemaVersion": "2025-09-10",
 "outputs":
 {"o": ["035673157872cd80.olean"],
  "i": "22dea2b6c85ca49b.ilean",
  "c": "3fdcfb2838dd31da.c"},
 "log":
 [{"message":
   ".> LEAN_PATH=/home/runner/work/lean-math/lean-math/.lake/packages/Cli/.lake/build/lib/lean:/home/runner/work/lean-math/lean-math/.lake/packages/batteries/.lake/build/lib/lean:/home/runner/work/lean-math/lean-math/.lake/packages/Qq/.lake/build/lib/lean:/home/runner/work/lean-math/lean-math/.lake/packages/aesop/.lake/build/lib/lean:/home/runner/work/lean-math/lean-math/.lake/packages/proofwidgets/.lake/build/lib/lean:/home/runner/work/lean-math/lean-math/.lake/packages/importGraph/.lake/build/lib/lean:/home/runner/work/lean-math/lean-math/.lake/packages/LeanSearchClient/.lake/build/lib/lean:/home/runner/work/lean-math/lean-math/.lake/packages/plausible/.lake/build/lib/lean:/home/runner/work/lean-math/lean-math/.lake/packages/mathlib/.lake/build/lib/lean:/home/runner/work/lean-math/lean-math/.lake/build/lib/lean /home/runner/.elan/toolchains/leanprover--lean4---v4.26.0-rc1/bin/lean /home/runner/work/lean-math/lean-math/LeanMath/Basic.lean -o /home/runner/work/lean-math/lean-math/.lake/build/lib/lean/LeanMath/Basic.olean -i /home/runner/work/lean-math/lean-math/.lake/build/lib/lean/LeanMath/Basic.ilean -c /home/runner/work/lean-math/lean-math/.lake/build/ir/LeanMath/Basic.c --setup /home/runner/work/lean-math/lean-math/.lake/build/ir/LeanMath/Basic.setup.json --json",
   "level": "trace"},
  {"message": "LeanMath/Basic.lean:5:0: p ∧ q : Prop", "level": "info"},
  {"message": "LeanMath/Basic.lean:7:0: Or (a b : Prop) : Prop",
   "level": "info"},
  {"message": "LeanMath/Basic.lean:15:0: Proof (p : Prop) : Type",
   "level": "info"},
  {"message":
   "LeanMath/Basic.lean:19:0: and_commut (p q : Prop) : Proof (Implies (p ∧ q) (q ∧ p))",
   "level": "info"},
  {"message":
   "LeanMath/Basic.lean:29:0: theorem t1 : ∀ {p q : Prop}, p → q → p :=\nfun {p q} hp hq ↦\n  have this := hp;\n  this",
   "level": "info"},
  {"message": "LeanMath/Basic.lean:57:0: xs.length : Nat", "level": "info"},
  {"message": "LeanMath/Basic.lean:59:0: xs.length : Nat", "level": "info"}],
 "inputs":
 [["LeanMath.Basic:deps",
   [["deps",
     [["«lean-math»/LeanMath:extraDep",
       [["@«lean-math»:extraDep", "00000000000006bb"]]],
      ["imports", "00000000000006bb"]]],
    ["libs",
     [["import dynlibs", "00000000000006bb"],
      ["package external libraries", "00000000000006bb"],
      ["module dynlibs", "00000000000006bb"],
      ["module plugins", "00000000000006bb"]]]]],
  ["Lean 4.26.0, commit fe21b950586cde248dae4b2a0f59d43c1f19cd87",
   "728b4bc0a6a2d67d"],
  ["/home/runner/work/lean-math/lean-math/LeanMath/Basic.lean",
   "8eac6b771192659a"],
  ["options",
   [["-DmaxSynthPendingDepth=3", "c78e353d34de85d4"],
    ["-Dweak.linter.mathlibStandardSet=true", "8a155799906f2b42"],
    ["-DrelaxedAutoImplicit=false", "74a2b5546b55be80"],
    ["-Dpp.unicode.fun=true", "9b94070140457fab"]]],
  ["Module.leanArgs: #[]", "00000000000006bb"]],
 "depHash": "93eaef1d1a1afb71"}